<?xml version="1.0" encoding="UTF-8"?>
<!-- Generated by org.testng.reporters.JUnitXMLReporter -->
<testsuite ignored="2" hostname="Nitin" failures="0" tests="1" name="Default test" time="178.995" errors="0" timestamp="2023-09-09T21:50:06 IST">
  <testcase classname="com.bestbuy.tests.SignInTests" name="ValidClickUnitedStates" time="178.818"/>
  <testcase classname="com.bestbuy.tests.SignInTests" name="loginWithInvalidEmail" time="0.0">
    <ignored/>
  </testcase> <!-- loginWithInvalidEmail -->
  <testcase classname="com.bestbuy.tests.SignInTests" name="loginWithValidCredentials" time="0.0">
    <ignored/>
  </testcase> <!-- loginWithValidCredentials -->
</testsuite> <!-- Default test -->
