<?xml version="1.0" encoding="UTF-8"?>
<testng-results ignored="2" total="3" passed="1" failed="0" skipped="0">
  <reporter-output>
  </reporter-output>
  <suite started-at="2023-09-09T21:47:07 IST" name="Default suite" finished-at="2023-09-09T21:50:06 IST" duration-ms="178995">
    <groups>
    </groups>
    <test started-at="2023-09-09T21:47:07 IST" name="Default test" finished-at="2023-09-09T21:50:06 IST" duration-ms="178995">
      <class name="com.bestbuy.tests.SignInTests">
        <test-method signature="ValidClickUnitedStates()[pri:0, instance:com.bestbuy.tests.SignInTests@765d7657]" started-at="2023-09-09T21:47:07 IST" name="ValidClickUnitedStates" finished-at="2023-09-09T21:50:06 IST" duration-ms="178818" status="PASS">
          <reporter-output>
          </reporter-output>
        </test-method> <!-- ValidClickUnitedStates -->
        <test-method is-config="true" signature="closeAllBrowsers()[pri:0, instance:com.bestbuy.tests.SignInTests@765d7657]" started-at="2023-09-09T21:50:06 IST" name="closeAllBrowsers" finished-at="2023-09-09T21:50:06 IST" duration-ms="131" status="PASS">
          <reporter-output>
          </reporter-output>
        </test-method> <!-- closeAllBrowsers -->
      </class> <!-- com.bestbuy.tests.SignInTests -->
    </test> <!-- Default test -->
  </suite> <!-- Default suite -->
</testng-results>
